[debug] [2022-10-27T12:47:23.083Z] ----------------------------------------------------------------------
[debug] [2022-10-27T12:47:23.085Z] Command:       C:\Program Files\nodejs\node.exe C:\Users\Usuario\AppData\Roaming\npm\node_modules\firebase-tools\lib\bin\firebase.js init
[debug] [2022-10-27T12:47:23.085Z] CLI Version:   11.15.0
[debug] [2022-10-27T12:47:23.085Z] Platform:      win32
[debug] [2022-10-27T12:47:23.085Z] Node Version:  v18.1.0
[debug] [2022-10-27T12:47:23.086Z] Time:          Thu Oct 27 2022 09:47:23 GMT-0300 (hora estándar de Argentina)
[debug] [2022-10-27T12:47:23.086Z] ----------------------------------------------------------------------
[debug] 
[debug] [2022-10-27T12:47:23.091Z] > command requires scopes: ["email","openid","https://www.googleapis.com/auth/cloudplatformprojects.readonly","https://www.googleapis.com/auth/firebase","https://www.googleapis.com/auth/cloud-platform"]
[debug] [2022-10-27T12:47:23.091Z] > authorizing via signed-in user (karimescuelaipetym@gmail.com)
[info] 
     ######## #### ########  ######## ########     ###     ######  ########
     ##        ##  ##     ## ##       ##     ##  ##   ##  ##       ##
     ######    ##  ########  ######   ########  #########  ######  ######
     ##        ##  ##    ##  ##       ##     ## ##     ##       ## ##
     ##       #### ##     ## ######## ########  ##     ##  ######  ########

You're about to initialize a Firebase project in this directory:

  C:\Users\Usuario\Documents\GitHub\ProyectoIntegrador_KarimRSalum\ArgentinaPrograma_KarimSalum\FrontEnd

[info] 
=== Project Setup
[info] 
[info] First, let's associate this project directory with a Firebase project.
[info] You can create multiple project aliases by running firebase use --add, 
[info] but for now we'll just set up a default project.
[info] 
[debug] [2022-10-27T12:47:29.063Z] >>> [apiv2][query] GET https://firebase.googleapis.com/v1beta1/projects pageSize=100
[debug] [2022-10-27T12:47:30.191Z] <<< [apiv2][status] GET https://firebase.googleapis.com/v1beta1/projects 200
[debug] [2022-10-27T12:47:30.191Z] <<< [apiv2][body] GET https://firebase.googleapis.com/v1beta1/projects [omitted]
[info] i  Using project karimargentinaprograma (karimargentinaprograma) 
[info] 
=== Hosting Setup
[info] 
[info] Your public directory is the folder (relative to your project directory) that
[info] will contain Hosting assets to be uploaded with firebase deploy. If you
[info] have a build process for your assets, use your build's output directory.
[info] 
